  Main.cpp
Pawn.obj : error LNK2019: unresolved external symbol "protected: virtual __cdecl ChessPiece::~ChessPiece(void)" (??1ChessPiece@@MEAA@XZ) referenced in function "public: virtual __cdecl Pawn::~Pawn(void)" (??1Pawn@@UEAA@XZ)
Queen.obj : error LNK2001: unresolved external symbol "protected: virtual __cdecl ChessPiece::~ChessPiece(void)" (??1ChessPiece@@MEAA@XZ)
Rook.obj : error LNK2001: unresolved external symbol "protected: virtual __cdecl ChessPiece::~ChessPiece(void)" (??1ChessPiece@@MEAA@XZ)
Bishop.obj : error LNK2001: unresolved external symbol "protected: virtual __cdecl ChessPiece::~ChessPiece(void)" (??1ChessPiece@@MEAA@XZ)
ChessPiece.obj : error LNK2001: unresolved external symbol "protected: virtual __cdecl ChessPiece::~ChessPiece(void)" (??1ChessPiece@@MEAA@XZ)
King.obj : error LNK2001: unresolved external symbol "protected: virtual __cdecl ChessPiece::~ChessPiece(void)" (??1ChessPiece@@MEAA@XZ)
Knight.obj : error LNK2001: unresolved external symbol "protected: virtual __cdecl ChessPiece::~ChessPiece(void)" (??1ChessPiece@@MEAA@XZ)
Pawn.obj : error LNK2001: unresolved external symbol "public: virtual void __cdecl ChessPiece::checkForSelfChecks(void)" (?checkForSelfChecks@ChessPiece@@UEAAXXZ)
Queen.obj : error LNK2001: unresolved external symbol "public: virtual void __cdecl ChessPiece::checkForSelfChecks(void)" (?checkForSelfChecks@ChessPiece@@UEAAXXZ)
Rook.obj : error LNK2001: unresolved external symbol "public: virtual void __cdecl ChessPiece::checkForSelfChecks(void)" (?checkForSelfChecks@ChessPiece@@UEAAXXZ)
Bishop.obj : error LNK2001: unresolved external symbol "public: virtual void __cdecl ChessPiece::checkForSelfChecks(void)" (?checkForSelfChecks@ChessPiece@@UEAAXXZ)
ChessPiece.obj : error LNK2001: unresolved external symbol "public: virtual void __cdecl ChessPiece::checkForSelfChecks(void)" (?checkForSelfChecks@ChessPiece@@UEAAXXZ)
King.obj : error LNK2001: unresolved external symbol "public: virtual void __cdecl ChessPiece::checkForSelfChecks(void)" (?checkForSelfChecks@ChessPiece@@UEAAXXZ)
Knight.obj : error LNK2001: unresolved external symbol "public: virtual void __cdecl ChessPiece::checkForSelfChecks(void)" (?checkForSelfChecks@ChessPiece@@UEAAXXZ)
Pawn.obj : error LNK2001: unresolved external symbol "public: virtual void __cdecl ChessPiece::checkForOpponentChecks(void)" (?checkForOpponentChecks@ChessPiece@@UEAAXXZ)
Queen.obj : error LNK2001: unresolved external symbol "public: virtual void __cdecl ChessPiece::checkForOpponentChecks(void)" (?checkForOpponentChecks@ChessPiece@@UEAAXXZ)
Rook.obj : error LNK2001: unresolved external symbol "public: virtual void __cdecl ChessPiece::checkForOpponentChecks(void)" (?checkForOpponentChecks@ChessPiece@@UEAAXXZ)
Bishop.obj : error LNK2001: unresolved external symbol "public: virtual void __cdecl ChessPiece::checkForOpponentChecks(void)" (?checkForOpponentChecks@ChessPiece@@UEAAXXZ)
ChessPiece.obj : error LNK2001: unresolved external symbol "public: virtual void __cdecl ChessPiece::checkForOpponentChecks(void)" (?checkForOpponentChecks@ChessPiece@@UEAAXXZ)
King.obj : error LNK2001: unresolved external symbol "public: virtual void __cdecl ChessPiece::checkForOpponentChecks(void)" (?checkForOpponentChecks@ChessPiece@@UEAAXXZ)
Knight.obj : error LNK2001: unresolved external symbol "public: virtual void __cdecl ChessPiece::checkForOpponentChecks(void)" (?checkForOpponentChecks@ChessPiece@@UEAAXXZ)
Bishop.obj : error LNK2001: unresolved external symbol "public: virtual int __cdecl Bishop::move(void)" (?move@Bishop@@UEAAHXZ)
King.obj : error LNK2001: unresolved external symbol "public: virtual int __cdecl King::move(void)" (?move@King@@UEAAHXZ)
Knight.obj : error LNK2001: unresolved external symbol "public: virtual int __cdecl Knight::move(void)" (?move@Knight@@UEAAHXZ)
Main.obj : error LNK2019: unresolved external symbol "public: __cdecl Player::~Player(void)" (??1Player@@QEAA@XZ) referenced in function main
Manager.obj : error LNK2001: unresolved external symbol "public: __cdecl Player::~Player(void)" (??1Player@@QEAA@XZ)
Pawn.obj : error LNK2001: unresolved external symbol "public: virtual int __cdecl Pawn::move(void)" (?move@Pawn@@UEAAHXZ)
Queen.obj : error LNK2001: unresolved external symbol "public: virtual int __cdecl Queen::move(void)" (?move@Queen@@UEAAHXZ)
Rook.obj : error LNK2001: unresolved external symbol "public: virtual int __cdecl Rook::move(void)" (?move@Rook@@UEAAHXZ)
C:\Users\Cyber_User\Documents\Magshimim\Ekronot\Ex07-08-ChessProject\Chess-Project---Tom-Yona\yehonatanAndTomChessProject\x64\Debug\yehonatanAndTomChessProject.exe : fatal error LNK1120: 10 unresolved externals
